Determining size of ssize_t failed with the following output:
Change Dir: I:/xcast-demo/thirdpart/jansson/CMakeFiles/CMakeTmp

Run Build Command:"C:/Program Files (x86)/MSBuild/14.0/bin/MSBuild.exe" "cmTC_237d4.vcxproj" "/p:Configuration=Debug" "/p:VisualStudioVersion=14.0"
Microsoft (R) 生成引擎版本 14.0.23107.0
版权所有(C) Microsoft Corporation。保留所有权利。

生成启动时间为 2018/2/27 20:17:10。
节点 1 上的项目“I:\xcast-demo\thirdpart\jansson\CMakeFiles\CMakeTmp\cmTC_237d4.vcxproj”(默认目标)。
PrepareForBuild:
  正在创建目录“cmTC_237d4.dir\Debug\”。
  正在创建目录“I:\xcast-demo\thirdpart\jansson\CMakeFiles\CMakeTmp\Debug\”。
  正在创建目录“cmTC_237d4.dir\Debug\cmTC_237d4.tlog\”。
InitializeBuildStatus:
  正在创建“cmTC_237d4.dir\Debug\cmTC_237d4.tlog\unsuccessfulbuild”，因为已指定“AlwaysCreate”。
ClCompile:
  E:\Program Files (x86)\Microsoft Visual Studio 14.0\VC\bin\CL.exe /c /I"e:\Program Files (x86)\Visual Leak Detector\include" /Zi /W3 /WX- /Od /Ob0 /Oy- /D WIN32 /D _WINDOWS /D "CMAKE_INTDIR=\"Debug\"" /D _MBCS /Gm- /RTC1 /MDd /GS /fp:precise /Zc:wchar_t /Zc:forScope /Zc:inline /Fo"cmTC_237d4.dir\Debug\\" /Fd"cmTC_237d4.dir\Debug\vc140.pdb" /Gd /TC /analyze- /errorReport:queue "I:\xcast-demo\thirdpart\jansson\CMakeFiles\CheckTypeSize\SSIZE_T.c"
  用于 x86 的 Microsoft (R) C/C++ 优化编译器 19.00.23026 版
  版权所有(C) Microsoft Corporation。保留所有权利。
  
  cl /c /I"e:\Program Files (x86)\Visual Leak Detector\include" /Zi /W3 /WX- /Od /Ob0 /Oy- /D WIN32 /D _WINDOWS /D "CMAKE_INTDIR=\"Debug\"" /D _MBCS /Gm- /RTC1 /MDd /GS /fp:precise /Zc:wchar_t /Zc:forScope /Zc:inline /Fo"cmTC_237d4.dir\Debug\\" /Fd"cmTC_237d4.dir\Debug\vc140.pdb" /Gd /TC /analyze- /errorReport:queue "I:\xcast-demo\thirdpart\jansson\CMakeFiles\CheckTypeSize\SSIZE_T.c"
  
  SSIZE_T.c
I:\xcast-demo\thirdpart\jansson\CMakeFiles\CheckTypeSize\SSIZE_T.c(19): error C2065: “ssize_t”: 未声明的标识符 [I:\xcast-demo\thirdpart\jansson\CMakeFiles\CMakeTmp\cmTC_237d4.vcxproj]
I:\xcast-demo\thirdpart\jansson\CMakeFiles\CheckTypeSize\SSIZE_T.c(20): error C2065: “ssize_t”: 未声明的标识符 [I:\xcast-demo\thirdpart\jansson\CMakeFiles\CMakeTmp\cmTC_237d4.vcxproj]
I:\xcast-demo\thirdpart\jansson\CMakeFiles\CheckTypeSize\SSIZE_T.c(21): error C2065: “ssize_t”: 未声明的标识符 [I:\xcast-demo\thirdpart\jansson\CMakeFiles\CMakeTmp\cmTC_237d4.vcxproj]
I:\xcast-demo\thirdpart\jansson\CMakeFiles\CheckTypeSize\SSIZE_T.c(22): error C2065: “ssize_t”: 未声明的标识符 [I:\xcast-demo\thirdpart\jansson\CMakeFiles\CMakeTmp\cmTC_237d4.vcxproj]
I:\xcast-demo\thirdpart\jansson\CMakeFiles\CheckTypeSize\SSIZE_T.c(23): error C2065: “ssize_t”: 未声明的标识符 [I:\xcast-demo\thirdpart\jansson\CMakeFiles\CMakeTmp\cmTC_237d4.vcxproj]
已完成生成项目“I:\xcast-demo\thirdpart\jansson\CMakeFiles\CMakeTmp\cmTC_237d4.vcxproj”(默认目标)的操作 - 失败。

生成失败。

“I:\xcast-demo\thirdpart\jansson\CMakeFiles\CMakeTmp\cmTC_237d4.vcxproj”(默认目标) (1) ->
(ClCompile 目标) -> 
  I:\xcast-demo\thirdpart\jansson\CMakeFiles\CheckTypeSize\SSIZE_T.c(19): error C2065: “ssize_t”: 未声明的标识符 [I:\xcast-demo\thirdpart\jansson\CMakeFiles\CMakeTmp\cmTC_237d4.vcxproj]
  I:\xcast-demo\thirdpart\jansson\CMakeFiles\CheckTypeSize\SSIZE_T.c(20): error C2065: “ssize_t”: 未声明的标识符 [I:\xcast-demo\thirdpart\jansson\CMakeFiles\CMakeTmp\cmTC_237d4.vcxproj]
  I:\xcast-demo\thirdpart\jansson\CMakeFiles\CheckTypeSize\SSIZE_T.c(21): error C2065: “ssize_t”: 未声明的标识符 [I:\xcast-demo\thirdpart\jansson\CMakeFiles\CMakeTmp\cmTC_237d4.vcxproj]
  I:\xcast-demo\thirdpart\jansson\CMakeFiles\CheckTypeSize\SSIZE_T.c(22): error C2065: “ssize_t”: 未声明的标识符 [I:\xcast-demo\thirdpart\jansson\CMakeFiles\CMakeTmp\cmTC_237d4.vcxproj]
  I:\xcast-demo\thirdpart\jansson\CMakeFiles\CheckTypeSize\SSIZE_T.c(23): error C2065: “ssize_t”: 未声明的标识符 [I:\xcast-demo\thirdpart\jansson\CMakeFiles\CMakeTmp\cmTC_237d4.vcxproj]

    0 个警告
    5 个错误

已用时间 00:00:00.43

I:/xcast-demo/thirdpart/jansson/CMakeFiles/CheckTypeSize/SSIZE_T.c:
#include <sys/types.h>
#include <stdint.h>
#include <stddef.h>


#undef KEY
#if defined(__i386)
# define KEY '_','_','i','3','8','6'
#elif defined(__x86_64)
# define KEY '_','_','x','8','6','_','6','4'
#elif defined(__ppc__)
# define KEY '_','_','p','p','c','_','_'
#elif defined(__ppc64__)
# define KEY '_','_','p','p','c','6','4','_','_'
#endif

#define SIZE (sizeof(ssize_t))
char info_size[] =  {'I', 'N', 'F', 'O', ':', 's','i','z','e','[',
  ('0' + ((SIZE / 10000)%10)),
  ('0' + ((SIZE / 1000)%10)),
  ('0' + ((SIZE / 100)%10)),
  ('0' + ((SIZE / 10)%10)),
  ('0' +  (SIZE    % 10)),
  ']',
#ifdef KEY
  ' ','k','e','y','[', KEY, ']',
#endif
  '\0'};

#ifdef __CLASSIC_C__
int main(argc, argv) int argc; char *argv[];
#else
int main(int argc, char *argv[])
#endif
{
  int require = 0;
  require += info_size[argc];
  (void)argv;
  return require;
}


Determining size of SSIZE_T failed with the following output:
Change Dir: I:/xcast-demo/thirdpart/jansson/CMakeFiles/CMakeTmp

Run Build Command:"C:/Program Files (x86)/MSBuild/14.0/bin/MSBuild.exe" "cmTC_c1ab4.vcxproj" "/p:Configuration=Debug" "/p:VisualStudioVersion=14.0"
Microsoft (R) 生成引擎版本 14.0.23107.0
版权所有(C) Microsoft Corporation。保留所有权利。

生成启动时间为 2018/2/27 20:17:11。
节点 1 上的项目“I:\xcast-demo\thirdpart\jansson\CMakeFiles\CMakeTmp\cmTC_c1ab4.vcxproj”(默认目标)。
PrepareForBuild:
  正在创建目录“cmTC_c1ab4.dir\Debug\”。
  正在创建目录“I:\xcast-demo\thirdpart\jansson\CMakeFiles\CMakeTmp\Debug\”。
  正在创建目录“cmTC_c1ab4.dir\Debug\cmTC_c1ab4.tlog\”。
InitializeBuildStatus:
  正在创建“cmTC_c1ab4.dir\Debug\cmTC_c1ab4.tlog\unsuccessfulbuild”，因为已指定“AlwaysCreate”。
ClCompile:
  E:\Program Files (x86)\Microsoft Visual Studio 14.0\VC\bin\CL.exe /c /I"e:\Program Files (x86)\Visual Leak Detector\include" /Zi /W3 /WX- /Od /Ob0 /Oy- /D WIN32 /D _WINDOWS /D "CMAKE_INTDIR=\"Debug\"" /D _MBCS /Gm- /RTC1 /MDd /GS /fp:precise /Zc:wchar_t /Zc:forScope /Zc:inline /Fo"cmTC_c1ab4.dir\Debug\\" /Fd"cmTC_c1ab4.dir\Debug\vc140.pdb" /Gd /TC /analyze- /errorReport:queue "I:\xcast-demo\thirdpart\jansson\CMakeFiles\CheckTypeSize\UPPERCASE_SSIZE_T.c"
  用于 x86 的 Microsoft (R) C/C++ 优化编译器 19.00.23026 版
  版权所有(C) Microsoft Corporation。保留所有权利。
  
  cl /c /I"e:\Program Files (x86)\Visual Leak Detector\include" /Zi /W3 /WX- /Od /Ob0 /Oy- /D WIN32 /D _WINDOWS /D "CMAKE_INTDIR=\"Debug\"" /D _MBCS /Gm- /RTC1 /MDd /GS /fp:precise /Zc:wchar_t /Zc:forScope /Zc:inline /Fo"cmTC_c1ab4.dir\Debug\\" /Fd"cmTC_c1ab4.dir\Debug\vc140.pdb" /Gd /TC /analyze- /errorReport:queue "I:\xcast-demo\thirdpart\jansson\CMakeFiles\CheckTypeSize\UPPERCASE_SSIZE_T.c"
  
  UPPERCASE_SSIZE_T.c
I:\xcast-demo\thirdpart\jansson\CMakeFiles\CheckTypeSize\UPPERCASE_SSIZE_T.c(19): error C2065: “SSIZE_T”: 未声明的标识符 [I:\xcast-demo\thirdpart\jansson\CMakeFiles\CMakeTmp\cmTC_c1ab4.vcxproj]
I:\xcast-demo\thirdpart\jansson\CMakeFiles\CheckTypeSize\UPPERCASE_SSIZE_T.c(20): error C2065: “SSIZE_T”: 未声明的标识符 [I:\xcast-demo\thirdpart\jansson\CMakeFiles\CMakeTmp\cmTC_c1ab4.vcxproj]
I:\xcast-demo\thirdpart\jansson\CMakeFiles\CheckTypeSize\UPPERCASE_SSIZE_T.c(21): error C2065: “SSIZE_T”: 未声明的标识符 [I:\xcast-demo\thirdpart\jansson\CMakeFiles\CMakeTmp\cmTC_c1ab4.vcxproj]
I:\xcast-demo\thirdpart\jansson\CMakeFiles\CheckTypeSize\UPPERCASE_SSIZE_T.c(22): error C2065: “SSIZE_T”: 未声明的标识符 [I:\xcast-demo\thirdpart\jansson\CMakeFiles\CMakeTmp\cmTC_c1ab4.vcxproj]
I:\xcast-demo\thirdpart\jansson\CMakeFiles\CheckTypeSize\UPPERCASE_SSIZE_T.c(23): error C2065: “SSIZE_T”: 未声明的标识符 [I:\xcast-demo\thirdpart\jansson\CMakeFiles\CMakeTmp\cmTC_c1ab4.vcxproj]
已完成生成项目“I:\xcast-demo\thirdpart\jansson\CMakeFiles\CMakeTmp\cmTC_c1ab4.vcxproj”(默认目标)的操作 - 失败。

生成失败。

“I:\xcast-demo\thirdpart\jansson\CMakeFiles\CMakeTmp\cmTC_c1ab4.vcxproj”(默认目标) (1) ->
(ClCompile 目标) -> 
  I:\xcast-demo\thirdpart\jansson\CMakeFiles\CheckTypeSize\UPPERCASE_SSIZE_T.c(19): error C2065: “SSIZE_T”: 未声明的标识符 [I:\xcast-demo\thirdpart\jansson\CMakeFiles\CMakeTmp\cmTC_c1ab4.vcxproj]
  I:\xcast-demo\thirdpart\jansson\CMakeFiles\CheckTypeSize\UPPERCASE_SSIZE_T.c(20): error C2065: “SSIZE_T”: 未声明的标识符 [I:\xcast-demo\thirdpart\jansson\CMakeFiles\CMakeTmp\cmTC_c1ab4.vcxproj]
  I:\xcast-demo\thirdpart\jansson\CMakeFiles\CheckTypeSize\UPPERCASE_SSIZE_T.c(21): error C2065: “SSIZE_T”: 未声明的标识符 [I:\xcast-demo\thirdpart\jansson\CMakeFiles\CMakeTmp\cmTC_c1ab4.vcxproj]
  I:\xcast-demo\thirdpart\jansson\CMakeFiles\CheckTypeSize\UPPERCASE_SSIZE_T.c(22): error C2065: “SSIZE_T”: 未声明的标识符 [I:\xcast-demo\thirdpart\jansson\CMakeFiles\CMakeTmp\cmTC_c1ab4.vcxproj]
  I:\xcast-demo\thirdpart\jansson\CMakeFiles\CheckTypeSize\UPPERCASE_SSIZE_T.c(23): error C2065: “SSIZE_T”: 未声明的标识符 [I:\xcast-demo\thirdpart\jansson\CMakeFiles\CMakeTmp\cmTC_c1ab4.vcxproj]

    0 个警告
    5 个错误

已用时间 00:00:00.43

I:/xcast-demo/thirdpart/jansson/CMakeFiles/CheckTypeSize/UPPERCASE_SSIZE_T.c:
#include <sys/types.h>
#include <stdint.h>
#include <stddef.h>


#undef KEY
#if defined(__i386)
# define KEY '_','_','i','3','8','6'
#elif defined(__x86_64)
# define KEY '_','_','x','8','6','_','6','4'
#elif defined(__ppc__)
# define KEY '_','_','p','p','c','_','_'
#elif defined(__ppc64__)
# define KEY '_','_','p','p','c','6','4','_','_'
#endif

#define SIZE (sizeof(SSIZE_T))
char info_size[] =  {'I', 'N', 'F', 'O', ':', 's','i','z','e','[',
  ('0' + ((SIZE / 10000)%10)),
  ('0' + ((SIZE / 1000)%10)),
  ('0' + ((SIZE / 100)%10)),
  ('0' + ((SIZE / 10)%10)),
  ('0' +  (SIZE    % 10)),
  ']',
#ifdef KEY
  ' ','k','e','y','[', KEY, ']',
#endif
  '\0'};

#ifdef __CLASSIC_C__
int main(argc, argv) int argc; char *argv[];
#else
int main(int argc, char *argv[])
#endif
{
  int require = 0;
  require += info_size[argc];
  (void)argv;
  return require;
}


Determining if the function strtoq exists failed with the following output:
Change Dir: I:/xcast-demo/thirdpart/jansson/CMakeFiles/CMakeTmp

Run Build Command:"C:/Program Files (x86)/MSBuild/14.0/bin/MSBuild.exe" "cmTC_ebe6a.vcxproj" "/p:Configuration=Debug" "/p:VisualStudioVersion=14.0"
Microsoft (R) 生成引擎版本 14.0.23107.0
版权所有(C) Microsoft Corporation。保留所有权利。

生成启动时间为 2018/2/27 20:17:12。
节点 1 上的项目“I:\xcast-demo\thirdpart\jansson\CMakeFiles\CMakeTmp\cmTC_ebe6a.vcxproj”(默认目标)。
PrepareForBuild:
  正在创建目录“cmTC_ebe6a.dir\Debug\”。
  正在创建目录“I:\xcast-demo\thirdpart\jansson\CMakeFiles\CMakeTmp\Debug\”。
  正在创建目录“cmTC_ebe6a.dir\Debug\cmTC_ebe6a.tlog\”。
InitializeBuildStatus:
  正在创建“cmTC_ebe6a.dir\Debug\cmTC_ebe6a.tlog\unsuccessfulbuild”，因为已指定“AlwaysCreate”。
ClCompile:
  E:\Program Files (x86)\Microsoft Visual Studio 14.0\VC\bin\CL.exe /c /I"e:\Program Files (x86)\Visual Leak Detector\include" /Zi /W3 /WX- /Od /Ob0 /Oy- /D WIN32 /D _WINDOWS /D CHECK_FUNCTION_EXISTS=strtoq /D "CMAKE_INTDIR=\"Debug\"" /D _MBCS /Gm- /RTC1 /MDd /GS /fp:precise /Zc:wchar_t /Zc:forScope /Zc:inline /Fo"cmTC_ebe6a.dir\Debug\\" /Fd"cmTC_ebe6a.dir\Debug\vc140.pdb" /Gd /TC /analyze- /errorReport:queue "E:\Program Files\CMake\share\cmake-3.9\Modules\CheckFunctionExists.c"
  用于 x86 的 Microsoft (R) C/C++ 优化编译器 19.00.23026 版
  版权所有(C) Microsoft Corporation。保留所有权利。
  
  cl /c /I"e:\Program Files (x86)\Visual Leak Detector\include" /Zi /W3 /WX- /Od /Ob0 /Oy- /D WIN32 /D _WINDOWS /D CHECK_FUNCTION_EXISTS=strtoq /D "CMAKE_INTDIR=\"Debug\"" /D _MBCS /Gm- /RTC1 /MDd /GS /fp:precise /Zc:wchar_t /Zc:forScope /Zc:inline /Fo"cmTC_ebe6a.dir\Debug\\" /Fd"cmTC_ebe6a.dir\Debug\vc140.pdb" /Gd /TC /analyze- /errorReport:queue "E:\Program Files\CMake\share\cmake-3.9\Modules\CheckFunctionExists.c"
  
  CheckFunctionExists.c
Link:
  E:\Program Files (x86)\Microsoft Visual Studio 14.0\VC\bin\link.exe /ERRORREPORT:QUEUE /OUT:"I:\xcast-demo\thirdpart\jansson\CMakeFiles\CMakeTmp\Debug\cmTC_ebe6a.exe" /INCREMENTAL /NOLOGO /LIBPATH:"e:\Program Files (x86)\Visual Leak Detector\lib\Win32" kernel32.lib user32.lib gdi32.lib winspool.lib shell32.lib ole32.lib oleaut32.lib uuid.lib comdlg32.lib advapi32.lib /MANIFEST /MANIFESTUAC:"level='asInvoker' uiAccess='false'" /manifest:embed /Debug /PDB:"I:/xcast-demo/thirdpart/jansson/CMakeFiles/CMakeTmp/Debug/cmTC_ebe6a.pdb" /SUBSYSTEM:CONSOLE /TLBID:1 /DYNAMICBASE /NXCOMPAT /IMPLIB:"I:/xcast-demo/thirdpart/jansson/CMakeFiles/CMakeTmp/Debug/cmTC_ebe6a.lib" /MACHINE:X86 /SAFESEH  /machine:X86 cmTC_ebe6a.dir\Debug\CheckFunctionExists.obj
CheckFunctionExists.obj : error LNK2019: 无法解析的外部符号 _strtoq，该符号在函数 _main 中被引用 [I:\xcast-demo\thirdpart\jansson\CMakeFiles\CMakeTmp\cmTC_ebe6a.vcxproj]
I:\xcast-demo\thirdpart\jansson\CMakeFiles\CMakeTmp\Debug\cmTC_ebe6a.exe : fatal error LNK1120: 1 个无法解析的外部命令 [I:\xcast-demo\thirdpart\jansson\CMakeFiles\CMakeTmp\cmTC_ebe6a.vcxproj]
已完成生成项目“I:\xcast-demo\thirdpart\jansson\CMakeFiles\CMakeTmp\cmTC_ebe6a.vcxproj”(默认目标)的操作 - 失败。

生成失败。

“I:\xcast-demo\thirdpart\jansson\CMakeFiles\CMakeTmp\cmTC_ebe6a.vcxproj”(默认目标) (1) ->
(Link 目标) -> 
  CheckFunctionExists.obj : error LNK2019: 无法解析的外部符号 _strtoq，该符号在函数 _main 中被引用 [I:\xcast-demo\thirdpart\jansson\CMakeFiles\CMakeTmp\cmTC_ebe6a.vcxproj]
  I:\xcast-demo\thirdpart\jansson\CMakeFiles\CMakeTmp\Debug\cmTC_ebe6a.exe : fatal error LNK1120: 1 个无法解析的外部命令 [I:\xcast-demo\thirdpart\jansson\CMakeFiles\CMakeTmp\cmTC_ebe6a.vcxproj]

    0 个警告
    2 个错误

已用时间 00:00:00.66


Performing C SOURCE FILE Test HAVE___INLINE__ failed with the following output:
Change Dir: I:/xcast-demo/thirdpart/jansson/CMakeFiles/CMakeTmp

Run Build Command:"C:/Program Files (x86)/MSBuild/14.0/bin/MSBuild.exe" "cmTC_446e1.vcxproj" "/p:Configuration=Debug" "/p:VisualStudioVersion=14.0"
Microsoft (R) 生成引擎版本 14.0.23107.0
版权所有(C) Microsoft Corporation。保留所有权利。

生成启动时间为 2018/2/27 20:17:19。
节点 1 上的项目“I:\xcast-demo\thirdpart\jansson\CMakeFiles\CMakeTmp\cmTC_446e1.vcxproj”(默认目标)。
PrepareForBuild:
  正在创建目录“cmTC_446e1.dir\Debug\”。
  正在创建目录“I:\xcast-demo\thirdpart\jansson\CMakeFiles\CMakeTmp\Debug\”。
  正在创建目录“cmTC_446e1.dir\Debug\cmTC_446e1.tlog\”。
InitializeBuildStatus:
  正在创建“cmTC_446e1.dir\Debug\cmTC_446e1.tlog\unsuccessfulbuild”，因为已指定“AlwaysCreate”。
ClCompile:
  E:\Program Files (x86)\Microsoft Visual Studio 14.0\VC\bin\CL.exe /c /I"e:\Program Files (x86)\Visual Leak Detector\include" /Zi /W3 /WX- /Od /Ob0 /Oy- /D WIN32 /D _WINDOWS /D HAVE___INLINE__ /D "CMAKE_INTDIR=\"Debug\"" /D _MBCS /Gm- /RTC1 /MDd /GS /fp:precise /Zc:wchar_t /Zc:forScope /Zc:inline /Fo"cmTC_446e1.dir\Debug\\" /Fd"cmTC_446e1.dir\Debug\vc140.pdb" /Gd /TC /analyze- /errorReport:queue "I:\xcast-demo\thirdpart\jansson\CMakeFiles\CMakeTmp\src.c"
  用于 x86 的 Microsoft (R) C/C++ 优化编译器 19.00.23026 版
  版权所有(C) Microsoft Corporation。保留所有权利。
  
  cl /c /I"e:\Program Files (x86)\Visual Leak Detector\include" /Zi /W3 /WX- /Od /Ob0 /Oy- /D WIN32 /D _WINDOWS /D HAVE___INLINE__ /D "CMAKE_INTDIR=\"Debug\"" /D _MBCS /Gm- /RTC1 /MDd /GS /fp:precise /Zc:wchar_t /Zc:forScope /Zc:inline /Fo"cmTC_446e1.dir\Debug\\" /Fd"cmTC_446e1.dir\Debug\vc140.pdb" /Gd /TC /analyze- /errorReport:queue "I:\xcast-demo\thirdpart\jansson\CMakeFiles\CMakeTmp\src.c"
  
  src.c
I:\xcast-demo\thirdpart\jansson\CMakeFiles\CMakeTmp\src.c(1): error C2054: 在“__inline__”之后应输入“(” [I:\xcast-demo\thirdpart\jansson\CMakeFiles\CMakeTmp\cmTC_446e1.vcxproj]
I:\xcast-demo\thirdpart\jansson\CMakeFiles\CMakeTmp\src.c(1): error C2085: “func”: 不在形参表中 [I:\xcast-demo\thirdpart\jansson\CMakeFiles\CMakeTmp\cmTC_446e1.vcxproj]
I:\xcast-demo\thirdpart\jansson\CMakeFiles\CMakeTmp\src.c(1): error C2143: 语法错误: 缺少“;”(在“{”的前面) [I:\xcast-demo\thirdpart\jansson\CMakeFiles\CMakeTmp\cmTC_446e1.vcxproj]
I:\xcast-demo\thirdpart\jansson\CMakeFiles\CMakeTmp\src.c(1): warning C4013: “func”未定义；假设外部返回 int [I:\xcast-demo\thirdpart\jansson\CMakeFiles\CMakeTmp\cmTC_446e1.vcxproj]
已完成生成项目“I:\xcast-demo\thirdpart\jansson\CMakeFiles\CMakeTmp\cmTC_446e1.vcxproj”(默认目标)的操作 - 失败。

生成失败。

“I:\xcast-demo\thirdpart\jansson\CMakeFiles\CMakeTmp\cmTC_446e1.vcxproj”(默认目标) (1) ->
(ClCompile 目标) -> 
  I:\xcast-demo\thirdpart\jansson\CMakeFiles\CMakeTmp\src.c(1): warning C4013: “func”未定义；假设外部返回 int [I:\xcast-demo\thirdpart\jansson\CMakeFiles\CMakeTmp\cmTC_446e1.vcxproj]


“I:\xcast-demo\thirdpart\jansson\CMakeFiles\CMakeTmp\cmTC_446e1.vcxproj”(默认目标) (1) ->
(ClCompile 目标) -> 
  I:\xcast-demo\thirdpart\jansson\CMakeFiles\CMakeTmp\src.c(1): error C2054: 在“__inline__”之后应输入“(” [I:\xcast-demo\thirdpart\jansson\CMakeFiles\CMakeTmp\cmTC_446e1.vcxproj]
  I:\xcast-demo\thirdpart\jansson\CMakeFiles\CMakeTmp\src.c(1): error C2085: “func”: 不在形参表中 [I:\xcast-demo\thirdpart\jansson\CMakeFiles\CMakeTmp\cmTC_446e1.vcxproj]
  I:\xcast-demo\thirdpart\jansson\CMakeFiles\CMakeTmp\src.c(1): error C2143: 语法错误: 缺少“;”(在“{”的前面) [I:\xcast-demo\thirdpart\jansson\CMakeFiles\CMakeTmp\cmTC_446e1.vcxproj]

    1 个警告
    3 个错误

已用时间 00:00:00.44

Source file was:
__inline__ void func(); void func() { } int main() { func(); return 0; }
